0 info it worked if it ends with ok
1 verbose cli [ '/home/greg/.nvm/versions/node/v4.2.1/bin/node',
1 verbose cli   '/home/greg/.nvm/versions/node/v4.2.1/bin/npm',
1 verbose cli   'run',
1 verbose cli   'update' ]
2 info using npm@2.14.7
3 info using node@v4.2.1
4 verbose run-script [ 'preupdate', 'update', 'postupdate' ]
5 info preupdate arch-wiki-md-repo@0.0.1
6 info update arch-wiki-md-repo@0.0.1
7 verbose unsafe-perm in lifecycle true
8 info arch-wiki-md-repo@0.0.1 Failed to exec update script
9 verbose stack Error: arch-wiki-md-repo@0.0.1 update: `npm run add-commit && npm run push`
9 verbose stack spawn ENOENT
9 verbose stack     at ChildProcess.<anonymous> (/home/greg/.nvm/versions/node/v4.2.1/lib/node_modules/npm/lib/utils/spawn.js:17:16)
9 verbose stack     at emitTwo (events.js:87:13)
9 verbose stack     at ChildProcess.emit (events.js:172:7)
9 verbose stack     at maybeClose (internal/child_process.js:818:16)
9 verbose stack     at Process.ChildProcess._handle.onexit (internal/child_process.js:211:5)
10 verbose pkgid arch-wiki-md-repo@0.0.1
11 verbose cwd /home/greg/arch-wiki-md-repo
12 error Linux 3.13.0-57-generic
13 error argv "/home/greg/.nvm/versions/node/v4.2.1/bin/node" "/home/greg/.nvm/versions/node/v4.2.1/bin/npm" "run" "update"
14 error node v4.2.1
15 error npm  v2.14.7
16 error file sh
17 error code ELIFECYCLE
18 error errno ENOENT
19 error syscall spawn
20 error arch-wiki-md-repo@0.0.1 update: `npm run add-commit && npm run push`
20 error spawn ENOENT
21 error Failed at the arch-wiki-md-repo@0.0.1 update script 'npm run add-commit && npm run push'.
21 error This is most likely a problem with the arch-wiki-md-repo package,
21 error not with npm itself.
21 error Tell the author that this fails on your system:
21 error     npm run add-commit && npm run push
21 error You can get their info via:
21 error     npm owner ls arch-wiki-md-repo
21 error There is likely additional logging output above.
22 verbose exit [ 1, true ]
